2025-09-23 12:23:08,674 INFO root: Arrancando waitress (quiet) puerto=8001 threads=4
2025-09-23 12:23:08,698 INFO waitress: Serving on http://0.0.0.0:8001
2025-09-23 12:39:41,651 INFO root: Arrancando waitress (quiet) puerto=8001 threads=4
2025-09-23 12:39:41,688 INFO waitress: Serving on http://0.0.0.0:8001
2025-09-23 13:06:04,358 INFO root: Arrancando waitress (quiet) puerto=8001 threads=4
2025-09-23 13:06:04,380 INFO waitress: Serving on http://0.0.0.0:8001
2025-09-23 17:32:15,797 INFO root: Arrancando waitress (quiet) puerto=8001 threads=4
2025-09-23 17:32:15,838 INFO waitress: Serving on http://0.0.0.0:8001
2025-09-23 17:47:51,664 INFO root: Arrancando waitress (quiet) puerto=8001 threads=4
2025-09-23 17:47:51,692 INFO waitress: Serving on http://0.0.0.0:8001
2025-09-23 17:55:20,069 INFO root: Arrancando waitress (quiet) puerto=8001 threads=4
2025-09-23 17:55:20,100 INFO waitress: Serving on http://0.0.0.0:8001
2025-09-23 18:00:48,976 INFO root: Arrancando waitress (quiet) puerto=8001 threads=4
2025-09-23 18:00:49,013 INFO waitress: Serving on http://0.0.0.0:8001
2025-09-23 18:04:43,025 INFO root: Arrancando waitress (quiet) puerto=8001 threads=4
2025-09-23 18:04:43,045 INFO waitress: Serving on http://0.0.0.0:8001
2025-09-23 20:33:02,522 INFO root: Arrancando waitress (quiet) puerto=8001 threads=4
2025-09-23 20:33:02,548 INFO waitress: Serving on http://0.0.0.0:8001
2025-09-23 21:23:39,046 INFO root: Arrancando waitress (quiet) puerto=8001 threads=4
2025-09-23 21:23:39,077 INFO waitress: Serving on http://0.0.0.0:8001
2025-09-23 22:23:23,057 INFO root: Arrancando waitress (quiet) puerto=8001 threads=4
2025-09-23 22:23:23,107 INFO waitress: Serving on http://0.0.0.0:8001
2025-09-24 10:58:55,822 INFO root: Arrancando waitress (quiet) puerto=8001 threads=4
2025-09-24 10:58:55,896 INFO waitress: Serving on http://0.0.0.0:8001
2025-09-24 11:05:08,184 INFO root: Arrancando waitress (quiet) puerto=8001 threads=4
2025-09-24 11:05:08,229 INFO waitress: Serving on http://0.0.0.0:8001
2025-09-24 11:33:24,800 INFO root: Arrancando waitress (quiet) puerto=8001 threads=4
2025-09-24 11:33:24,831 INFO waitress: Serving on http://0.0.0.0:8001
2025-09-24 15:41:06,766 INFO root: Arrancando waitress (quiet) puerto=8001 threads=4
2025-09-24 15:41:06,857 INFO waitress: Serving on http://0.0.0.0:8001
2025-09-24 15:46:07,051 INFO flask_wtf.csrf: The CSRF token is missing.
2025-09-24 15:56:15,231 INFO root: Arrancando waitress (quiet) puerto=8001 threads=4
2025-09-24 15:56:15,262 INFO waitress: Serving on http://0.0.0.0:8001
2025-09-24 16:12:01,571 INFO root: Arrancando waitress (quiet) puerto=8001 threads=4
2025-09-24 16:12:01,664 INFO waitress: Serving on http://0.0.0.0:8001
2025-09-24 16:53:09,902 INFO root: Arrancando waitress (quiet) puerto=8001 threads=4
2025-09-24 16:53:09,921 INFO waitress: Serving on http://0.0.0.0:8001
2025-09-24 16:54:01,788 INFO root: Arrancando waitress (quiet) puerto=8001 threads=4
2025-09-24 16:54:01,814 INFO waitress: Serving on http://0.0.0.0:8001
2025-09-24 16:59:12,396 ERROR inventario: Exception on /noc/importar [POST]
Traceback (most recent call last):
  File "E:\apps_github\APP_INVENTARIO\.venv\Lib\site-packages\flask\app.py", line 1473, in wsgi_app
    response = self.full_dispatch_request()
               ^^^^^^^^^^^^^^^^^^^^^^^^^^^^
  File "E:\apps_github\APP_INVENTARIO\.venv\Lib\site-packages\flask\app.py", line 882, in full_dispatch_request
    rv = self.handle_user_exception(e)
         ^^^^^^^^^^^^^^^^^^^^^^^^^^^^^
  File "E:\apps_github\APP_INVENTARIO\.venv\Lib\site-packages\flask_cors\extension.py", line 176, in wrapped_function
    return cors_after_request(app.make_response(f(*args, **kwargs)))
                                                ^^^^^^^^^^^^^^^^^^
  File "E:\apps_github\APP_INVENTARIO\.venv\Lib\site-packages\flask\app.py", line 880, in full_dispatch_request
    rv = self.dispatch_request()
         ^^^^^^^^^^^^^^^^^^^^^^^
  File "E:\apps_github\APP_INVENTARIO\.venv\Lib\site-packages\flask\app.py", line 865, in dispatch_request
    return self.ensure_sync(self.view_functions[rule.endpoint])(**view_args)  # type: ignore[no-any-return]
           ^^^^^^^^^^^^^^^^^^^^^^^^^^^^^^^^^^^^^^^^^^^^^^^^^^^^^^^^^^^^^^^^^
  File "E:\apps_github\APP_INVENTARIO\.venv\Lib\site-packages\flask_login\utils.py", line 290, in decorated_view
    return current_app.ensure_sync(func)(*args, **kwargs)
           ^^^^^^^^^^^^^^^^^^^^^^^^^^^^^^^^^^^^^^^^^^^^^^
  File "E:\apps_github\APP_INVENTARIO\inventario\routes.py", line 69, in wrapped
    return view(*args, **kwargs)
           ^^^^^^^^^^^^^^^^^^^^^
  File "E:\apps_github\APP_INVENTARIO\inventario\routes.py", line 1199, in noc_importar
    header = next(reader, [])
             ^^^^^^^^^^^^^^^^
_csv.Error: new-line character seen in unquoted field - do you need to open the file in universal-newline mode?
2025-09-24 16:59:41,966 INFO root: Arrancando waitress (quiet) puerto=8001 threads=4
2025-09-24 16:59:42,007 INFO waitress: Serving on http://0.0.0.0:8001
2025-09-24 21:17:22,073 INFO root: Arrancando waitress (quiet) puerto=8001 threads=4
2025-09-24 21:17:22,170 INFO waitress: Serving on http://0.0.0.0:8001
2025-09-24 21:35:33,757 INFO root: Arrancando waitress (quiet) puerto=8001 threads=4
2025-09-24 21:35:33,832 INFO waitress: Serving on http://0.0.0.0:8001
2025-09-24 21:47:35,338 INFO root: Arrancando waitress (quiet) puerto=8001 threads=4
2025-09-24 21:47:35,400 INFO waitress: Serving on http://0.0.0.0:8001
2025-09-24 22:11:32,099 INFO root: Arrancando waitress (quiet) puerto=8001 threads=4
2025-09-24 22:11:32,191 INFO waitress: Serving on http://0.0.0.0:8001
2025-09-24 22:25:21,124 INFO root: Arrancando waitress (quiet) puerto=8001 threads=4
2025-09-24 22:25:21,152 INFO waitress: Serving on http://0.0.0.0:8001
2025-09-24 22:34:18,154 INFO root: Arrancando waitress (quiet) puerto=8001 threads=4
2025-09-24 22:34:18,182 INFO waitress: Serving on http://0.0.0.0:8001
2025-09-24 22:54:04,039 INFO root: Arrancando waitress (quiet) puerto=8001 threads=4
2025-09-24 22:54:04,081 INFO waitress: Serving on http://0.0.0.0:8001
2025-09-25 07:39:41,546 WARNING waitress.queue: Task queue depth is 1
2025-09-25 07:47:45,708 WARNING waitress.queue: Task queue depth is 1
2025-09-25 08:44:50,620 INFO root: Arrancando waitress (quiet) puerto=8001 threads=4
2025-09-25 08:44:50,690 INFO waitress: Serving on http://0.0.0.0:8001
2025-09-25 08:45:57,585 WARNING waitress.queue: Task queue depth is 1
2025-09-25 08:46:13,917 WARNING waitress.queue: Task queue depth is 1
2025-09-25 08:46:21,509 WARNING waitress.queue: Task queue depth is 1
2025-09-25 08:47:31,507 WARNING waitress.queue: Task queue depth is 1
2025-09-25 08:50:09,977 WARNING waitress.queue: Task queue depth is 1
2025-09-25 08:51:11,146 WARNING waitress.queue: Task queue depth is 1
2025-09-25 08:54:42,419 INFO root: Arrancando waitress (quiet) puerto=8001 threads=4
2025-09-25 08:54:42,439 INFO waitress: Serving on http://0.0.0.0:8001
2025-09-25 08:55:17,068 WARNING waitress.queue: Task queue depth is 1
2025-09-25 08:57:08,314 WARNING waitress.queue: Task queue depth is 1
2025-09-25 08:58:57,610 WARNING waitress.queue: Task queue depth is 1
2025-09-25 08:58:57,611 WARNING waitress.queue: Task queue depth is 2
2025-09-25 08:59:29,887 WARNING waitress.queue: Task queue depth is 1
2025-09-25 08:59:29,890 WARNING waitress.queue: Task queue depth is 2
2025-09-25 09:10:23,272 INFO root: Arrancando waitress (quiet) puerto=8001 threads=4
2025-09-25 09:10:23,404 INFO waitress: Serving on http://0.0.0.0:8001
2025-09-25 09:10:48,876 WARNING waitress.queue: Task queue depth is 1
2025-09-25 09:10:48,876 WARNING waitress.queue: Task queue depth is 2
2025-09-25 09:10:50,531 WARNING waitress.queue: Task queue depth is 1
2025-09-25 09:10:50,539 WARNING waitress.queue: Task queue depth is 2
2025-09-25 09:31:41,065 INFO root: Arrancando waitress (quiet) puerto=8001 threads=4
2025-09-25 09:31:41,091 INFO waitress: Serving on http://0.0.0.0:8001
2025-09-25 09:32:04,436 WARNING waitress.queue: Task queue depth is 1
2025-09-25 09:32:04,438 WARNING waitress.queue: Task queue depth is 1
2025-09-25 09:32:06,635 WARNING waitress.queue: Task queue depth is 1
2025-09-25 09:32:06,642 WARNING waitress.queue: Task queue depth is 1
2025-09-25 09:38:40,722 WARNING waitress.queue: Task queue depth is 1
2025-09-25 09:41:55,325 WARNING waitress.queue: Task queue depth is 1
2025-09-25 09:48:49,649 WARNING waitress.queue: Task queue depth is 1
2025-09-25 09:56:50,466 WARNING waitress.queue: Task queue depth is 1
2025-09-25 09:56:50,471 WARNING waitress.queue: Task queue depth is 2
2025-09-25 09:57:06,454 WARNING waitress.queue: Task queue depth is 1
2025-09-25 10:49:40,494 INFO root: Arrancando waitress (quiet) puerto=8001 threads=4
2025-09-25 10:49:40,527 INFO waitress: Serving on http://0.0.0.0:8001
2025-09-25 11:18:46,699 INFO root: Arrancando waitress (quiet) puerto=8001 threads=4
2025-09-25 11:18:46,743 INFO waitress: Serving on http://0.0.0.0:8001
2025-09-25 11:19:08,786 WARNING waitress.queue: Task queue depth is 1
2025-09-25 11:19:08,787 WARNING waitress.queue: Task queue depth is 2
2025-09-25 11:24:07,909 INFO root: Arrancando waitress (quiet) puerto=8001 threads=4
2025-09-25 11:24:07,944 INFO waitress: Serving on http://0.0.0.0:8001
2025-09-25 11:25:13,986 WARNING waitress.queue: Task queue depth is 1
2025-09-25 11:25:13,990 WARNING waitress.queue: Task queue depth is 2
2025-09-25 11:25:13,998 WARNING waitress.queue: Task queue depth is 1
2025-09-25 11:29:21,483 INFO root: Arrancando waitress (quiet) puerto=8001 threads=4
2025-09-25 11:29:21,524 INFO waitress: Serving on http://0.0.0.0:8001
2025-09-25 11:29:42,139 WARNING waitress.queue: Task queue depth is 1
2025-09-25 11:29:42,143 WARNING waitress.queue: Task queue depth is 1
2025-09-25 11:29:42,147 WARNING waitress.queue: Task queue depth is 2
2025-09-25 11:38:21,303 INFO root: Arrancando waitress (quiet) puerto=8001 threads=4
2025-09-25 11:38:21,325 INFO waitress: Serving on http://0.0.0.0:8001
2025-09-25 12:11:18,698 WARNING waitress.queue: Task queue depth is 1
2025-09-25 12:11:49,741 WARNING waitress.queue: Task queue depth is 1
2025-09-25 13:47:03,871 WARNING waitress.queue: Task queue depth is 1
2025-09-25 13:47:03,879 WARNING waitress.queue: Task queue depth is 1
2025-09-25 15:05:39,667 WARNING waitress.queue: Task queue depth is 1
2025-09-25 15:05:39,670 WARNING waitress.queue: Task queue depth is 2
2025-09-25 15:05:39,676 WARNING waitress.queue: Task queue depth is 1
2025-09-25 15:05:39,680 WARNING waitress.queue: Task queue depth is 1
2025-09-25 15:35:29,487 WARNING waitress.queue: Task queue depth is 1
2025-09-25 15:35:29,488 WARNING waitress.queue: Task queue depth is 2
2025-09-25 15:56:51,448 WARNING waitress.queue: Task queue depth is 1
2025-09-25 15:56:51,453 WARNING waitress.queue: Task queue depth is 1
2025-09-25 15:57:23,095 WARNING waitress.queue: Task queue depth is 1
2025-09-25 15:58:44,310 WARNING waitress.queue: Task queue depth is 1
2025-09-25 20:33:00,774 WARNING waitress.queue: Task queue depth is 1
2025-09-25 20:33:00,775 WARNING waitress.queue: Task queue depth is 2
2025-09-25 20:33:00,805 WARNING waitress.queue: Task queue depth is 1
2025-09-25 20:33:19,272 WARNING waitress.queue: Task queue depth is 1
2025-09-25 20:33:19,274 WARNING waitress.queue: Task queue depth is 2
2025-09-25 20:33:35,546 WARNING waitress.queue: Task queue depth is 1
2025-09-25 23:00:50,586 WARNING waitress.queue: Task queue depth is 1
2025-09-26 05:30:49,988 WARNING waitress.queue: Task queue depth is 1
2025-09-26 06:12:23,813 WARNING waitress.queue: Task queue depth is 1
2025-09-26 06:16:57,260 WARNING waitress.queue: Task queue depth is 1
2025-09-26 06:21:27,106 WARNING waitress.queue: Task queue depth is 1
2025-09-26 07:33:22,590 WARNING waitress.queue: Task queue depth is 1
2025-09-26 07:33:22,597 WARNING waitress.queue: Task queue depth is 1
2025-09-26 07:33:22,602 WARNING waitress.queue: Task queue depth is 1
2025-09-26 07:43:55,463 WARNING waitress.queue: Task queue depth is 1
2025-09-26 07:43:55,465 WARNING waitress.queue: Task queue depth is 2
2025-09-26 07:49:47,408 WARNING waitress.queue: Task queue depth is 1
2025-09-26 07:51:05,662 WARNING waitress.queue: Task queue depth is 1
2025-09-26 08:00:28,629 WARNING waitress.queue: Task queue depth is 1
2025-09-26 08:17:22,124 WARNING waitress.queue: Task queue depth is 1
2025-09-26 08:17:22,127 WARNING waitress.queue: Task queue depth is 2
2025-09-26 08:18:24,197 WARNING waitress.queue: Task queue depth is 1
2025-09-26 08:19:18,470 WARNING waitress.queue: Task queue depth is 1
2025-09-26 08:31:38,678 WARNING waitress.queue: Task queue depth is 1
2025-09-26 08:44:35,922 WARNING waitress.queue: Task queue depth is 1
2025-09-26 08:44:35,925 WARNING waitress.queue: Task queue depth is 2
2025-09-26 08:49:33,328 WARNING waitress.queue: Task queue depth is 1
2025-09-26 08:49:33,330 WARNING waitress.queue: Task queue depth is 2
2025-09-26 08:49:53,918 WARNING waitress.queue: Task queue depth is 1
2025-09-26 08:49:53,922 WARNING waitress.queue: Task queue depth is 2
2025-09-26 09:01:33,906 WARNING waitress.queue: Task queue depth is 1
2025-09-26 09:02:10,216 WARNING waitress.queue: Task queue depth is 1
2025-09-26 09:11:18,912 INFO flask_wtf.csrf: The CSRF token has expired.
2025-09-26 09:11:38,120 WARNING waitress.queue: Task queue depth is 1
2025-09-26 09:11:38,125 WARNING waitress.queue: Task queue depth is 2
2025-09-26 09:13:49,228 WARNING waitress.queue: Task queue depth is 1
2025-09-26 09:14:13,168 WARNING waitress.queue: Task queue depth is 1
2025-09-26 09:54:02,855 WARNING waitress.queue: Task queue depth is 1
2025-09-26 09:54:02,860 WARNING waitress.queue: Task queue depth is 1
2025-09-26 09:54:28,307 WARNING waitress.queue: Task queue depth is 1
2025-09-26 09:54:48,956 WARNING waitress.queue: Task queue depth is 1
2025-09-26 09:54:48,957 WARNING waitress.queue: Task queue depth is 2
2025-09-26 10:03:08,768 WARNING waitress.queue: Task queue depth is 1
2025-09-26 10:03:12,679 WARNING waitress.queue: Task queue depth is 1
2025-09-26 10:05:30,262 WARNING waitress.queue: Task queue depth is 1
2025-09-26 10:05:55,385 WARNING waitress.queue: Task queue depth is 1
2025-09-26 10:06:03,118 WARNING waitress.queue: Task queue depth is 1
2025-09-26 10:28:30,808 WARNING waitress.queue: Task queue depth is 1
2025-09-26 10:28:30,811 WARNING waitress.queue: Task queue depth is 1
2025-09-26 10:29:07,356 WARNING waitress.queue: Task queue depth is 1
2025-09-26 10:31:34,942 WARNING waitress.queue: Task queue depth is 1
2025-09-26 10:33:11,324 WARNING waitress.queue: Task queue depth is 1
2025-09-26 10:34:39,231 WARNING waitress.queue: Task queue depth is 1
2025-09-26 10:34:48,696 WARNING waitress.queue: Task queue depth is 1
2025-09-26 10:34:48,698 WARNING waitress.queue: Task queue depth is 2
2025-09-26 10:34:48,707 WARNING waitress.queue: Task queue depth is 1
2025-09-26 10:34:56,333 WARNING waitress.queue: Task queue depth is 1
2025-09-26 10:41:35,577 WARNING waitress.queue: Task queue depth is 1
2025-09-26 10:48:56,514 WARNING waitress.queue: Task queue depth is 1
2025-09-26 10:55:06,569 WARNING waitress.queue: Task queue depth is 1
2025-09-26 10:55:06,578 WARNING waitress.queue: Task queue depth is 2
2025-09-26 10:56:00,110 WARNING waitress.queue: Task queue depth is 1
2025-09-26 10:56:26,166 WARNING waitress.queue: Task queue depth is 1
2025-09-26 11:03:16,863 WARNING waitress.queue: Task queue depth is 1
2025-09-26 11:06:41,415 WARNING waitress.queue: Task queue depth is 1
2025-09-26 11:06:41,415 WARNING waitress.queue: Task queue depth is 2
2025-09-26 11:06:41,437 WARNING waitress.queue: Task queue depth is 1
2025-09-26 11:06:41,479 WARNING waitress.queue: Task queue depth is 2
2025-09-26 11:11:51,625 WARNING waitress.queue: Task queue depth is 1
2025-09-26 11:11:51,636 WARNING waitress.queue: Task queue depth is 2
2025-09-26 11:11:51,664 WARNING waitress.queue: Task queue depth is 1
2025-09-26 11:12:23,205 WARNING waitress.queue: Task queue depth is 1
2025-09-26 11:12:23,209 WARNING waitress.queue: Task queue depth is 2
2025-09-26 11:12:23,219 WARNING waitress.queue: Task queue depth is 2
2025-09-26 11:12:23,228 WARNING waitress.queue: Task queue depth is 1
2025-09-26 11:14:32,346 WARNING waitress.queue: Task queue depth is 1
2025-09-26 12:22:36,244 WARNING waitress.queue: Task queue depth is 1
2025-09-26 12:22:46,489 WARNING waitress.queue: Task queue depth is 1
2025-09-26 13:57:37,100 WARNING waitress.queue: Task queue depth is 1
2025-09-26 14:12:01,452 WARNING waitress.queue: Task queue depth is 1
2025-09-26 14:52:28,797 WARNING waitress.queue: Task queue depth is 1
2025-09-26 14:53:20,705 WARNING waitress.queue: Task queue depth is 1
2025-09-26 14:53:20,707 WARNING waitress.queue: Task queue depth is 2
2025-09-26 15:11:04,834 WARNING waitress.queue: Task queue depth is 1
2025-09-26 15:11:09,458 WARNING waitress.queue: Task queue depth is 1
2025-09-26 15:11:22,474 WARNING waitress.queue: Task queue depth is 1
2025-09-26 22:58:14,015 WARNING waitress.queue: Task queue depth is 1
2025-09-26 22:58:14,017 WARNING waitress.queue: Task queue depth is 2
2025-09-26 23:18:37,045 WARNING waitress.queue: Task queue depth is 1
2025-09-26 23:58:16,248 WARNING waitress.queue: Task queue depth is 1
2025-09-26 23:58:16,273 WARNING waitress.queue: Task queue depth is 2
2025-09-26 23:58:16,274 WARNING waitress.queue: Task queue depth is 3
2025-09-27 06:14:56,659 WARNING waitress.queue: Task queue depth is 1
2025-09-27 06:14:56,662 WARNING waitress.queue: Task queue depth is 2
2025-09-27 06:16:58,375 WARNING waitress.queue: Task queue depth is 1
2025-09-27 07:29:07,851 WARNING waitress.queue: Task queue depth is 1
2025-09-27 07:29:07,857 WARNING waitress.queue: Task queue depth is 2
2025-09-27 07:29:19,111 WARNING waitress.queue: Task queue depth is 1
2025-09-27 07:47:50,004 WARNING waitress.queue: Task queue depth is 1
2025-09-27 07:47:50,007 WARNING waitress.queue: Task queue depth is 2
2025-09-27 07:47:55,606 WARNING waitress.queue: Task queue depth is 1
2025-09-27 07:47:59,176 WARNING waitress.queue: Task queue depth is 1
2025-09-27 07:49:26,158 WARNING waitress.queue: Task queue depth is 1
2025-09-27 07:49:26,160 WARNING waitress.queue: Task queue depth is 2
2025-09-27 07:49:38,220 WARNING waitress.queue: Task queue depth is 1
2025-09-27 07:49:38,222 WARNING waitress.queue: Task queue depth is 2
2025-09-27 07:49:38,225 WARNING waitress.queue: Task queue depth is 2
2025-09-27 08:05:25,983 WARNING waitress.queue: Task queue depth is 1
2025-09-27 08:05:25,984 WARNING waitress.queue: Task queue depth is 2
2025-09-27 08:05:34,618 WARNING waitress.queue: Task queue depth is 1
2025-09-27 08:05:34,623 WARNING waitress.queue: Task queue depth is 1
2025-09-27 08:06:38,663 WARNING waitress.queue: Task queue depth is 1
2025-09-27 08:22:27,004 WARNING waitress.queue: Task queue depth is 1
2025-09-27 08:22:27,004 WARNING waitress.queue: Task queue depth is 2
2025-09-27 08:22:37,789 WARNING waitress.queue: Task queue depth is 1
2025-09-27 08:22:37,790 WARNING waitress.queue: Task queue depth is 2
2025-09-27 08:44:07,917 WARNING waitress.queue: Task queue depth is 1
2025-09-27 08:44:07,919 WARNING waitress.queue: Task queue depth is 2
2025-09-27 08:44:07,940 WARNING waitress.queue: Task queue depth is 1
2025-09-27 08:44:17,106 WARNING waitress.queue: Task queue depth is 1
2025-09-27 08:44:17,115 WARNING waitress.queue: Task queue depth is 1
2025-09-27 08:46:02,163 WARNING waitress.queue: Task queue depth is 1
2025-09-27 08:47:30,946 WARNING waitress.queue: Task queue depth is 1
2025-09-27 08:48:57,251 WARNING waitress.queue: Task queue depth is 1
2025-09-27 08:48:57,253 WARNING waitress.queue: Task queue depth is 2
2025-09-27 08:48:57,288 WARNING waitress.queue: Task queue depth is 1
2025-09-27 08:48:57,290 WARNING waitress.queue: Task queue depth is 2
2025-09-27 08:49:23,260 WARNING waitress.queue: Task queue depth is 1
2025-09-27 08:53:43,693 WARNING waitress.queue: Task queue depth is 1
2025-09-27 08:53:43,694 WARNING waitress.queue: Task queue depth is 2
2025-09-27 08:55:47,257 WARNING waitress.queue: Task queue depth is 1
2025-09-27 10:47:34,418 WARNING waitress.queue: Task queue depth is 1
2025-09-27 10:48:56,450 WARNING waitress.queue: Task queue depth is 1
2025-09-27 10:52:03,149 WARNING waitress.queue: Task queue depth is 1
2025-09-27 23:27:43,811 WARNING waitress.queue: Task queue depth is 1
2025-09-27 23:27:43,813 WARNING waitress.queue: Task queue depth is 2
2025-09-27 23:27:43,848 WARNING waitress.queue: Task queue depth is 1
2025-09-27 23:27:43,849 WARNING waitress.queue: Task queue depth is 2
2025-09-28 06:20:31,048 WARNING waitress.queue: Task queue depth is 1
2025-09-28 06:38:12,984 WARNING waitress.queue: Task queue depth is 1
2025-09-28 07:29:48,942 WARNING waitress.queue: Task queue depth is 1
2025-09-28 07:36:12,625 WARNING waitress.queue: Task queue depth is 1
2025-09-28 07:36:23,589 WARNING waitress.queue: Task queue depth is 1
2025-09-28 07:37:55,891 WARNING waitress.queue: Task queue depth is 1
2025-09-28 07:37:55,900 WARNING waitress.queue: Task queue depth is 1
2025-09-28 07:38:05,098 WARNING waitress.queue: Task queue depth is 1
2025-09-28 08:31:48,533 WARNING waitress.queue: Task queue depth is 1
2025-09-28 08:36:58,630 WARNING waitress.queue: Task queue depth is 1
2025-09-28 08:52:37,069 WARNING waitress.queue: Task queue depth is 1
2025-09-28 08:52:37,175 WARNING waitress.queue: Task queue depth is 1
2025-09-28 09:33:47,092 WARNING waitress.queue: Task queue depth is 1
2025-09-28 09:33:47,099 WARNING waitress.queue: Task queue depth is 1
2025-09-28 09:33:47,121 WARNING waitress.queue: Task queue depth is 1
2025-09-28 09:35:09,679 WARNING waitress.queue: Task queue depth is 1
2025-09-28 09:35:09,680 WARNING waitress.queue: Task queue depth is 2
2025-09-28 09:35:09,710 WARNING waitress.queue: Task queue depth is 2
2025-09-28 09:35:09,717 WARNING waitress.queue: Task queue depth is 1
2025-09-28 09:35:09,723 WARNING waitress.queue: Task queue depth is 1
2025-09-28 09:35:09,725 WARNING waitress.queue: Task queue depth is 2
2025-09-28 09:38:58,117 WARNING waitress.queue: Task queue depth is 1
2025-09-28 09:41:23,206 WARNING waitress.queue: Task queue depth is 1
2025-09-28 14:39:08,796 WARNING waitress.queue: Task queue depth is 1
2025-09-28 14:39:08,800 WARNING waitress.queue: Task queue depth is 2
2025-09-28 14:39:54,227 WARNING waitress.queue: Task queue depth is 1
2025-09-28 14:39:54,232 WARNING waitress.queue: Task queue depth is 2
2025-09-28 14:40:24,718 WARNING waitress.queue: Task queue depth is 1
2025-09-28 14:40:24,738 WARNING waitress.queue: Task queue depth is 1
2025-09-29 04:32:45,655 WARNING waitress.queue: Task queue depth is 1
2025-09-29 04:32:45,656 WARNING waitress.queue: Task queue depth is 2
2025-09-29 06:15:18,872 WARNING waitress.queue: Task queue depth is 1
2025-09-29 06:15:18,903 WARNING waitress.queue: Task queue depth is 1
2025-09-29 07:26:38,316 WARNING waitress.queue: Task queue depth is 1
2025-09-29 07:26:38,324 WARNING waitress.queue: Task queue depth is 1
2025-09-29 07:26:56,533 WARNING waitress.queue: Task queue depth is 1
2025-09-29 07:26:56,537 WARNING waitress.queue: Task queue depth is 2
2025-09-29 07:26:56,560 WARNING waitress.queue: Task queue depth is 1
2025-09-29 07:27:03,104 WARNING waitress.queue: Task queue depth is 1
2025-09-29 07:27:03,104 WARNING waitress.queue: Task queue depth is 2
2025-09-29 07:27:03,133 WARNING waitress.queue: Task queue depth is 1
2025-09-29 07:27:03,135 WARNING waitress.queue: Task queue depth is 2
2025-09-29 07:27:12,716 WARNING waitress.queue: Task queue depth is 1
2025-09-29 07:27:12,718 WARNING waitress.queue: Task queue depth is 2
2025-09-29 07:27:12,768 WARNING waitress.queue: Task queue depth is 1
2025-09-29 07:31:04,779 WARNING waitress.queue: Task queue depth is 1
2025-09-29 07:33:19,793 WARNING waitress.queue: Task queue depth is 1
2025-09-29 07:33:19,794 WARNING waitress.queue: Task queue depth is 2
2025-09-29 07:33:31,224 WARNING waitress.queue: Task queue depth is 1
2025-09-29 08:03:43,806 INFO flask_wtf.csrf: The CSRF token has expired.
2025-09-29 08:05:23,537 WARNING waitress.queue: Task queue depth is 1
2025-09-29 08:34:29,774 WARNING waitress.queue: Task queue depth is 1
2025-09-29 08:35:41,233 WARNING waitress.queue: Task queue depth is 1
2025-09-29 09:00:19,952 WARNING waitress.queue: Task queue depth is 1
2025-09-29 09:00:19,952 WARNING waitress.queue: Task queue depth is 2
2025-09-29 09:00:19,982 WARNING waitress.queue: Task queue depth is 1
2025-09-29 09:08:44,152 WARNING waitress.queue: Task queue depth is 1
2025-09-29 09:09:05,623 WARNING waitress.queue: Task queue depth is 1
2025-09-29 09:09:05,628 WARNING waitress.queue: Task queue depth is 2
2025-09-29 09:12:43,995 WARNING waitress.queue: Task queue depth is 1
2025-09-29 09:12:50,436 WARNING waitress.queue: Task queue depth is 1
2025-09-29 10:22:38,361 WARNING waitress.queue: Task queue depth is 1
2025-09-29 10:54:40,309 WARNING waitress.queue: Task queue depth is 1
2025-09-29 10:56:00,862 WARNING waitress.queue: Task queue depth is 1
2025-09-29 10:56:00,863 WARNING waitress.queue: Task queue depth is 2
2025-09-29 10:56:00,897 WARNING waitress.queue: Task queue depth is 1
2025-09-29 10:56:26,815 WARNING waitress.queue: Task queue depth is 1
2025-09-29 10:57:12,858 WARNING waitress.queue: Task queue depth is 1
2025-09-29 11:58:24,851 WARNING waitress.queue: Task queue depth is 1
2025-09-29 15:06:45,955 WARNING waitress.queue: Task queue depth is 1
2025-09-29 15:06:45,955 WARNING waitress.queue: Task queue depth is 2
2025-09-29 15:06:45,987 WARNING waitress.queue: Task queue depth is 1
2025-09-29 15:06:45,989 WARNING waitress.queue: Task queue depth is 1
2025-09-29 15:06:45,994 WARNING waitress.queue: Task queue depth is 1
2025-09-29 15:06:45,998 WARNING waitress.queue: Task queue depth is 2
2025-09-29 15:07:02,717 WARNING waitress.queue: Task queue depth is 1
2025-09-29 15:07:02,718 WARNING waitress.queue: Task queue depth is 2
2025-09-29 15:07:02,736 WARNING waitress.queue: Task queue depth is 2
2025-09-29 15:07:02,743 WARNING waitress.queue: Task queue depth is 1
2025-09-29 15:07:02,746 WARNING waitress.queue: Task queue depth is 2
2025-09-29 17:45:54,353 WARNING waitress.queue: Task queue depth is 1
2025-09-30 06:14:59,891 WARNING waitress.queue: Task queue depth is 1
2025-09-30 06:14:59,893 WARNING waitress.queue: Task queue depth is 2
2025-09-30 06:14:59,925 WARNING waitress.queue: Task queue depth is 1
2025-09-30 06:14:59,929 WARNING waitress.queue: Task queue depth is 1
2025-09-30 06:14:59,932 WARNING waitress.queue: Task queue depth is 2
2025-09-30 06:15:18,752 WARNING waitress.queue: Task queue depth is 1
2025-09-30 07:17:23,207 WARNING waitress.queue: Task queue depth is 1
2025-09-30 07:17:23,209 WARNING waitress.queue: Task queue depth is 2
2025-09-30 07:17:23,216 WARNING waitress.queue: Task queue depth is 2
2025-09-30 07:17:23,228 WARNING waitress.queue: Task queue depth is 1
2025-09-30 07:17:23,230 WARNING waitress.queue: Task queue depth is 2
2025-09-30 07:31:17,938 WARNING waitress.queue: Task queue depth is 1
2025-09-30 07:34:36,973 WARNING waitress.queue: Task queue depth is 1
2025-09-30 07:34:52,222 WARNING waitress.queue: Task queue depth is 1
2025-09-30 07:36:52,604 WARNING waitress.queue: Task queue depth is 1
2025-09-30 07:37:17,035 WARNING waitress.queue: Task queue depth is 1
2025-09-30 07:39:58,139 WARNING waitress.queue: Task queue depth is 1
2025-09-30 07:41:28,201 WARNING waitress.queue: Task queue depth is 1
2025-09-30 07:41:28,202 WARNING waitress.queue: Task queue depth is 2
2025-09-30 07:41:31,161 WARNING waitress.queue: Task queue depth is 1
2025-09-30 07:41:31,163 WARNING waitress.queue: Task queue depth is 1
2025-09-30 07:43:31,600 WARNING waitress.queue: Task queue depth is 1
2025-09-30 07:43:31,617 WARNING waitress.queue: Task queue depth is 1
2025-09-30 08:44:59,227 WARNING waitress.queue: Task queue depth is 1
2025-09-30 08:44:59,231 WARNING waitress.queue: Task queue depth is 1
2025-09-30 08:45:12,219 WARNING waitress.queue: Task queue depth is 1
2025-09-30 08:45:12,221 WARNING waitress.queue: Task queue depth is 2
2025-09-30 08:45:12,246 WARNING waitress.queue: Task queue depth is 1
2025-09-30 08:45:12,247 WARNING waitress.queue: Task queue depth is 2
2025-09-30 08:45:17,805 WARNING waitress.queue: Task queue depth is 1
2025-09-30 08:45:17,807 WARNING waitress.queue: Task queue depth is 2
2025-09-30 08:45:17,812 WARNING waitress.queue: Task queue depth is 2
2025-09-30 08:45:17,825 WARNING waitress.queue: Task queue depth is 2
2025-09-30 08:45:17,846 WARNING waitress.queue: Task queue depth is 1
2025-09-30 08:48:04,880 WARNING waitress.queue: Task queue depth is 1
2025-09-30 09:27:28,099 WARNING waitress.queue: Task queue depth is 1
2025-09-30 09:27:28,103 WARNING waitress.queue: Task queue depth is 1
2025-09-30 09:27:55,860 WARNING waitress.queue: Task queue depth is 1
2025-09-30 09:28:10,804 WARNING waitress.queue: Task queue depth is 1
2025-09-30 17:12:08,357 WARNING waitress.queue: Task queue depth is 1
2025-09-30 17:12:08,358 WARNING waitress.queue: Task queue depth is 2
2025-09-30 17:12:39,265 WARNING waitress.queue: Task queue depth is 1
2025-09-30 17:12:39,266 WARNING waitress.queue: Task queue depth is 2
2025-09-30 17:12:39,297 WARNING waitress.queue: Task queue depth is 2
2025-09-30 17:12:47,706 WARNING waitress.queue: Task queue depth is 1
2025-09-30 17:12:47,717 WARNING waitress.queue: Task queue depth is 2
